✓ Expresión lógica: ... && ...
✓ Negación lógica: !...
✓ Expresión lógica: ... || ...
✓ Declaración de variable: let isValid = ...
✓ Expresión lógica: ... || ...
✓ Expresión lógica: ... && ...
✓ Declaración de variable: let hasAccess = ...
✓ Negación lógica: !...
✓ Expresión lógica: ... && ...
✓ Declaración de variable: let result = ...
✓ Declaración de variable: let age = ...
✓ Expresión de comparación: ... >= ...
✓ Operador ternario: ... ? ... : ...
✓ Declaración de variable: let status = ...
✓ Expresión de comparación: ... > ...
✓ Operador ternario: ... ? ... : ...
✓ Declaración de variable: let max = ...
✓ Declaración de variable: let optionalName = ...
✓ Operador nil-coalescing: ... ?? ...
✓ Declaración de variable: let name = ...
✓ Operador nil-coalescing: ... ?? ...
✓ Declaración de variable: let value = ...
✓ Tipo diccionario: [String: Int]
✓ Diccionario literal: [3 pares]
✓ Declaración de variable: let scores: ('dict_type', 'String', 'Int') = ...
✓ Tipo diccionario: [String: String]
✓ Diccionario literal: [2 pares]
✓ Declaración de variable: var userInfo: ('dict_type', 'String', 'String') = ...
✓ Tipo diccionario: [String: Int]
✓ Diccionario vacío: [:]
✓ Declaración de variable: let emptyDict: ('dict_type', 'String', 'Int') = ...
✓ Diccionario literal: [2 pares]
✓ Declaración de variable: var mixedDict = ...
✓ Acceso a diccionario: scores[...]
✓ Declaración de variable: let aliceScore = ...
✓ Acceso a diccionario: userInfo[...]
✓ Declaración de variable: let userName = ...
✓ Acceso a diccionario: scores[...]
✓ Operador nil-coalescing: ... ?? ...
✓ Declaración de variable: let missing = ...
✓ Expresión de comparación: ... >= ...
✓ Declaración de variable: let message = ...
✓ Condicional if
✓ Expresión de comparación: ... >= ...
✓ Declaración de variable: let drink = ...
✓ Declaración de variable: let drink = ...
✓ Condicional if-else
✓ Declaración de variable: let score = ...
✓ Expresión de comparación: ... >= ...
✓ Declaración de variable: let grade = ...
✓ Expresión de comparación: ... >= ...
✓ Declaración de variable: let grade = ...
✓ else if
✓ Expresión de comparación: ... >= ...
✓ Declaración de variable: let grade = ...
✓ else if
✓ Declaración de variable: let grade = ...
✓ Condicional if-else if-else
✓ Expresión de comparación: ... >= ...
✓ Return
✓ Guard statement
✓ Declaración de variable: let canProceed = ...
✓ Función: func checkAge(1 parámetros)
✓ Tipo opcional: String?
✓ Expresión de comparación: ... != ...
✓ Return
✓ Guard statement
✓ Declaración de variable: let validName = ...
✓ Función: func validateUser(1 parámetros)
✓ Declaración de variable: var counter = ...
✓ Expresión de comparación: ... < ...
✓ Expresión aritmética: ... + ...
✓ Asignación: counter = ...
✓ Bucle while
✓ Declaración de variable: var running = ...
✓ Expresión de comparación: ... > ...
✓ Expresión lógica: ... && ...
✓ Expresión aritmética: ... - ...
✓ Asignación: counter = ...
✓ Expresión de comparación: ... > ...
✓ Asignación: running = ...
✓ Bucle while
✓ Tipo opcional: String?
✓ Operador nil-coalescing: ... ?? ...
✓ Declaración de variable: let finalName = ...
✓ Return con valor
✓ Función: func greet(1 parámetros) -> String
✓ Tipo opcional: Int?
✓ Operador nil-coalescing: ... ?? ...
✓ Declaración de variable: let userAge = ...
✓ Return con valor
✓ Función: func createUser(2 parámetros) -> String
✓ Parámetro con valor por defecto: b
✓ Expresión aritmética: ... + ...
✓ Return con valor
✓ Función: func calculate(2 parámetros) -> Int
✓ Parámetro con valor por defecto: text
✓ Parámetro con valor por defecto: times
✓ Return con valor
✓ Función: func buildMessage(2 parámetros) -> String
✓ Parámetro con valor por defecto: multiplier
✓ Parámetro con valor por defecto: offset
✓ Expresión aritmética: ... * ...
✓ Expresión aritmética: ... + ...
✓ Return con valor
✓ Función: func processData(3 parámetros) -> Int
✓ Tipo diccionario: [String: Int]
✓ Acceso a diccionario: scores[...]
✓ Operador nil-coalescing: ... ?? ...
✓ Declaración de variable: let score = ...
✓ Expresión de comparación: ... >= ...
✓ Return con valor
✓ Expresión de comparación: ... >= ...
✓ Return con valor
✓ else if
✓ Return con valor
✓ Condicional if-else if-else
✓ Función: func findScore(2 parámetros) -> Int
✓ Tipo opcional: Int?
✓ Parámetro con valor por defecto: threshold
✓ Expresión de comparación: ... != ...
✓ Return con valor
✓ Guard statement
✓ Operador nil-coalescing: ... ?? ...
✓ Declaración de variable: let value = ...
✓ Expresión de comparación: ... > ...
✓ Operador ternario: ... ? ... : ...
✓ Declaración de variable: let status = ...
✓ Return con valor
✓ Función: func validateAndProcess(2 parámetros) -> String
✓ Expresión de comparación: ... >= ...
✓ Expresión lógica: ... && ...
✓ Negación lógica: !...
✓ Expresión de comparación: ... > ...
✓ Expresión lógica: ... && ...
✓ Expresión lógica: ... || ...
✓ Declaración de variable: let complexCondition = ...
✓ Expresión de comparación: ... >= ...
✓ Expresión de comparación: ... >= ...
✓ Operador ternario: ... ? ... : ...
✓ Operador ternario: ... ? ... : ...
✓ Declaración de variable: let chainedTernary = ...
✓ Declaración de variable: var attempts = ...
✓ Declaración de variable: var success = ...
✓ Expresión de comparación: ... < ...
✓ Negación lógica: !...
✓ Expresión lógica: ... && ...
✓ Expresión aritmética: ... + ...
✓ Asignación: attempts = ...
✓ Expresión de comparación: ... >= ...
✓ Asignación: success = ...
✓ Bucle while
✓ Programa válido
